info it worked if it ends with ok
verbose cli [ 'node', '/usr/local/bin/npm', 'publish', '.' ]
info using npm@1.1.21
info using node@v0.6.17
verbose config file /Users/Fredrik/.npmrc
verbose config file /usr/local/etc/npmrc
verbose config file /usr/local/lib/node_modules/npm/npmrc
verbose publish [ '.' ]
verbose has bindings.gyp [ undefined,
verbose has bindings.gyp   { file: '/Volumes/Storage/u/work/me/node-upy/package.json',
verbose has bindings.gyp     gypfile: true,
verbose has bindings.gyp     contributors: false,
verbose has bindings.gyp     wscript: true,
verbose has bindings.gyp     serverjs: false } ]
verbose has wscript [ undefined,
verbose has wscript   { file: '/Volumes/Storage/u/work/me/node-upy/package.json',
verbose has wscript     gypfile: true,
verbose has wscript     contributors: false,
verbose has wscript     wscript: true,
verbose has wscript     serverjs: false } ]
verbose caching /Volumes/Storage/u/work/me/node-upy/package.json
verbose loadDefaults upy@2.0.2
info prepublish upy@2.0.2
verbose cache add [ '.', null ]
silly cache add: name, spec, args [ undefined, '.', [ '.', null ] ]
verbose parsed url { pathname: '.', path: '.', href: '.' }
verbose has bindings.gyp [ undefined,
verbose has bindings.gyp   { file: 'package.json',
verbose has bindings.gyp     gypfile: true,
verbose has bindings.gyp     contributors: false,
verbose has bindings.gyp     serverjs: false,
verbose has bindings.gyp     wscript: true } ]
verbose has wscript [ undefined,
verbose has wscript   { file: 'package.json',
verbose has wscript     gypfile: true,
verbose has wscript     contributors: false,
verbose has wscript     serverjs: false,
verbose has wscript     wscript: true } ]
verbose caching package.json
verbose loadDefaults upy@2.0.2
verbose tar.pack [ '/var/folders/tt/3v0jld751qz3_g8h6mgvk41r0000gn/T/npm-1336769166006/1336769166006-0.2569305864162743/tmp.tgz',
verbose tar.pack   '.' ]
verbose tarball /var/folders/tt/3v0jld751qz3_g8h6mgvk41r0000gn/T/npm-1336769166006/1336769166006-0.2569305864162743/tmp.tgz
verbose folder .
verbose unpack /var/folders/tt/3v0jld751qz3_g8h6mgvk41r0000gn/T/npm-1336769166006/1336769166006-0.2569305864162743/tmp.tgz
silly gunzTarPerm modes [ '755', '644' ]
silly extracting entry package.json
silly extracting entry .npmignore
silly extracting entry README.md
silly extracting entry index.js
silly extracting entry wscript
silly extracting entry Makefile
silly extracting entry .travis.yml
silly extracting entry binding.gyp
silly extracting entry src/upy.cc
silly extracting entry src/upy.h
silly extracting entry test/upy.js
silly extracting entry test/values.js
verbose has bindings.gyp [ undefined,
verbose has bindings.gyp   { file: '/var/folders/tt/3v0jld751qz3_g8h6mgvk41r0000gn/T/npm-1336769166006/1336769166006-0.2569305864162743/package/package.json',
verbose has bindings.gyp     gypfile: true,
verbose has bindings.gyp     contributors: false,
verbose has bindings.gyp     serverjs: false,
verbose has bindings.gyp     wscript: true } ]
verbose has wscript [ undefined,
verbose has wscript   { file: '/var/folders/tt/3v0jld751qz3_g8h6mgvk41r0000gn/T/npm-1336769166006/1336769166006-0.2569305864162743/package/package.json',
verbose has wscript     gypfile: true,
verbose has wscript     contributors: false,
verbose has wscript     serverjs: false,
verbose has wscript     wscript: true } ]
verbose caching /var/folders/tt/3v0jld751qz3_g8h6mgvk41r0000gn/T/npm-1336769166006/1336769166006-0.2569305864162743/package/package.json
verbose loadDefaults upy@2.0.2
verbose from cache /var/folders/tt/3v0jld751qz3_g8h6mgvk41r0000gn/T/npm-1336769166006/1336769166006-0.2569305864162743/package/package.json
verbose tar.pack [ '/Users/Fredrik/.npm/upy/2.0.2/package.tgz',
verbose tar.pack   '/var/folders/tt/3v0jld751qz3_g8h6mgvk41r0000gn/T/npm-1336769166006/1336769166006-0.2569305864162743/package' ]
verbose tarball /Users/Fredrik/.npm/upy/2.0.2/package.tgz
verbose folder /var/folders/tt/3v0jld751qz3_g8h6mgvk41r0000gn/T/npm-1336769166006/1336769166006-0.2569305864162743/package
verbose unpack /Users/Fredrik/.npm/upy/2.0.2/package.tgz
silly gunzTarPerm modes [ '755', '644' ]
silly extracting entry package.json
silly extracting entry .npmignore
silly extracting entry README.md
silly extracting entry index.js
silly extracting entry .travis.yml
silly extracting entry binding.gyp
silly extracting entry Makefile
silly extracting entry src/upy.cc
silly extracting entry src/upy.h
silly extracting entry test/upy.js
silly extracting entry test/values.js
silly extracting entry wscript
verbose has bindings.gyp [ undefined,
verbose has bindings.gyp   { file: '/Users/Fredrik/.npm/upy/2.0.2/package/package.json',
verbose has bindings.gyp     gypfile: true,
verbose has bindings.gyp     contributors: false,
verbose has bindings.gyp     serverjs: false,
verbose has bindings.gyp     wscript: true } ]
verbose has wscript [ undefined,
verbose has wscript   { file: '/Users/Fredrik/.npm/upy/2.0.2/package/package.json',
verbose has wscript     gypfile: true,
verbose has wscript     contributors: false,
verbose has wscript     serverjs: false,
verbose has wscript     wscript: true } ]
verbose caching /Users/Fredrik/.npm/upy/2.0.2/package/package.json
verbose loadDefaults upy@2.0.2
silly updated sha bytes 3821
info shasum 14978b63364471a36c76cdc43635f720c21280c7
info shasum /Users/Fredrik/.npm/upy/2.0.2/package.tgz
verbose from cache /Users/Fredrik/.npm/upy/2.0.2/package/package.json
verbose chmod /Users/Fredrik/.npm/upy/2.0.2/package.tgz 644
verbose chown [ '/Users/Fredrik/.npm/upy/2.0.2/package.tgz', 501, 20 ]
silly publish { name: 'upy',
silly publish   description: 'Upy is a easy to use machine uptime module for node.js build C++',
silly publish   tags: [ 'uptime', 'system', 'util', 'utility' ],
silly publish   version: '2.0.2',
silly publish   author: { name: 'Fredrik Forsmo', email: 'fredrik.forsmo@gmail.com' },
silly publish   repository: { type: 'git', url: 'git://github.com/frozzare/upy.git' },
silly publish   devDependencies: { should: '0.6.x', mocha: '1.0.x' },
silly publish   bugs: { url: 'http://github.com/frozzare/upy/issues' },
silly publish   scripts: { test: 'make test', install: 'node-gyp rebuild' },
silly publish   main: './index',
silly publish   _npmUser: { name: 'frozzare', email: 'fredrik.forsmo@gmail.com' },
silly publish   _id: 'upy@2.0.2',
silly publish   dependencies: {},
silly publish   optionalDependencies: {},
silly publish   engines: { node: '*' },
silly publish   _engineSupported: true,
silly publish   _npmVersion: '1.1.21',
silly publish   _nodeVersion: 'v0.6.17',
silly publish   _defaultsLoaded: true,
silly publish   dist: 
silly publish    { shasum: '14978b63364471a36c76cdc43635f720c21280c7',
silly publish      tarball: 'http://registry.npmjs.org/upy/-/upy-2.0.2.tgz' } }
verbose raw, before any munging upy
verbose url resolving [ 'https://registry.npmjs.org/', './upy' ]
verbose url resolved https://registry.npmjs.org/upy
http PUT https://registry.npmjs.org/upy
http 409 https://registry.npmjs.org/upy
verbose raw, before any munging upy
verbose url resolving [ 'https://registry.npmjs.org/', './upy' ]
verbose url resolved https://registry.npmjs.org/upy
http GET https://registry.npmjs.org/upy
http 200 https://registry.npmjs.org/upy
info Already published upy@2.0.2
verbose uploading bin dists []
ERR! publish fail Cannot publish over existing version.
ERR! publish fail Bump the 'version' field, set the --force flag, or
ERR! publish fail     npm unpublish 'upy@2.0.2'
ERR! publish fail and try again
ERR! 
ERR! System Darwin 11.3.0
ERR! command "node" "/usr/local/bin/npm" "publish" "."
ERR! cwd /Volumes/Storage/u/work/me/node-upy
ERR! node -v v0.6.17
ERR! npm -v 1.1.21
ERR! code EPUBLISHCONFLICT
ERR! message publish fail
ERR! errno {}
verbose exit [ 1, true ]
